<?xml version="1.0" encoding="UTF-8"?>
<!-- Generated by org.testng.reporters.JUnitReportReporter -->
<testsuite hostname="TYSS-Sumanth" failures="0" tests="1" name="testScripts.TC_Apple_003" time="3.965" errors="0" timestamp="2023-10-03T22:20:17 IST" skipped="0">
  <testcase classname="testScripts.TC_Apple_003" name="openingApple" time="3.965"/>
  <system-out>
Browser is launched Browser is maximized Opened Apple web page closed the browser  </system-out>
</testsuite> <!-- testScripts.TC_Apple_003 -->
